<?xml version="1.0" encoding="UTF-8"?>
<testsuite xmlns:xsi="http://www.w3.org/2001/XMLSchema-instance" xsi:noNamespaceSchemaLocation="https://maven.apache.org/surefire/maven-surefire-plugin/xsd/surefire-test-report-3.0.xsd" version="3.0" name="com.fbp.engine.FinalIntegrationTest" time="7.071" tests="7" errors="0" skipped="0" failures="0">
  <properties>
[...]
</properties>
  <testcase name="test1" classname="com.fbp.engine.FinalIntegrationTest" time="1.006">
    <system-out><![CDATA[[Engine] 플로우 'final-test-flow' 등록됨
[temperature-sensor] processing message...
[threshold-filter] processing message...
[Engine] 플로우 'final-test-flow' 시작됨
[alerter] processing message...
[경고] 센서 temperature-sensor 온도 32.5°C — 임계값 초과!
[collector-alert] processing message...
[temperature-sensor] processing message...
[threshold-filter] processing message...
[logger] processing message...
[collector-normal] processing message...
[17:53:58.396][logger] {temperature=18.5, unit=°C, timestamp=1778057638396, sensorId=temperature-sensor}
[file-writer] processing message...
[temperature-sensor] processing message...
[threshold-filter] processing message...
[logger] processing message...
[collector-normal] processing message...
[17:53:58.500][logger] {temperature=25.0, unit=°C, timestamp=1778057638500, sensorId=temperature-sensor}
[file-writer] processing message...
[temperature-sensor] processing message...
[threshold-filter] processing message...
[alerter] processing message...
[경고] 센서 temperature-sensor 온도 30.1°C — 임계값 초과!
[collector-alert] processing message...
[temperature-sensor] processing message...
[threshold-filter] processing message...
[logger] processing message...
[collector-normal] processing message...
[17:53:58.696][logger] {temperature=18.6, unit=°C, timestamp=1778057638695, sensorId=temperature-sensor}
[file-writer] processing message...
[temperature-sensor] processing message...
[threshold-filter] processing message...
[logger] processing message...
[collector-normal] processing message...
[17:53:58.800][logger] {temperature=24.8, unit=°C, timestamp=1778057638800, sensorId=temperature-sensor}
[file-writer] processing message...
[temperature-sensor] processing message...
[threshold-filter] processing message...
[logger] processing message...
[collector-normal] processing message...
[17:53:58.901][logger] {temperature=28.3, unit=°C, timestamp=1778057638900, sensorId=temperature-sensor}
[file-writer] processing message...
[temperature-sensor] processing message...
[threshold-filter] processing message...
[logger] processing message...
[collector-normal] processing message...
[17:53:58.997][logger] {temperature=23.2, unit=°C, timestamp=1778057638997, sensorId=temperature-sensor}
[file-writer] processing message...
[temperature-sensor] processing message...
[threshold-filter] processing message...
[alerter] processing message...
[collector-alert] processing message...
[경고] 센서 temperature-sensor 온도 34.0°C — 임계값 초과!
[temperature-sensor] processing message...
[threshold-filter] processing message...
[logger] processing message...
[collector-normal] processing message...
[17:53:59.199][logger] {temperature=22.1, unit=°C, timestamp=1778057639199, sensorId=temperature-sensor}
[file-writer] processing message...
[Engine] 엔진 종료됨
]]></system-out>
  </testcase>
  <testcase name="test2" classname="com.fbp.engine.FinalIntegrationTest" time="1.006">
    <system-out><![CDATA[[Engine] 플로우 'final-test-flow' 등록됨
[temperature-sensor] processing message...
[threshold-filter] processing message...
[collector-alert] processing message...
[alerter] processing message...
[경고] 센서 temperature-sensor 온도 32.1°C — 임계값 초과!
[Engine] 플로우 'final-test-flow' 시작됨
[temperature-sensor] processing message...
[threshold-filter] processing message...
[logger] processing message...
[collector-normal] processing message...
[17:53:59.406][logger] {temperature=15.3, unit=°C, timestamp=1778057639406, sensorId=temperature-sensor}
[file-writer] processing message...
[temperature-sensor] processing message...
[threshold-filter] processing message...
[logger] processing message...
[collector-normal] processing message...
[17:53:59.509][logger] {temperature=19.6, unit=°C, timestamp=1778057639509, sensorId=temperature-sensor}
[file-writer] processing message...
[temperature-sensor] processing message...
[threshold-filter] processing message...
[collector-alert] processing message...
[alerter] processing message...
[경고] 센서 temperature-sensor 온도 40.7°C — 임계값 초과!
[temperature-sensor] processing message...
[threshold-filter] processing message...
[alerter] processing message...
[경고] 센서 temperature-sensor 온도 39.3°C — 임계값 초과!
[collector-alert] processing message...
[temperature-sensor] processing message...
[threshold-filter] processing message...
[alerter] processing message...
[경고] 센서 temperature-sensor 온도 32.4°C — 임계값 초과!
[collector-alert] processing message...
[temperature-sensor] processing message...
[threshold-filter] processing message...
[logger] processing message...
[collector-normal] processing message...
[17:53:59.909][logger] {temperature=18.8, unit=°C, timestamp=1778057639909, sensorId=temperature-sensor}
[file-writer] processing message...
[temperature-sensor] processing message...
[threshold-filter] processing message...
[logger] processing message...
[collector-normal] processing message...
[17:54:00.008][logger] {temperature=17.0, unit=°C, timestamp=1778057640008, sensorId=temperature-sensor}
[file-writer] processing message...
[temperature-sensor] processing message...
[threshold-filter] processing message...
[logger] processing message...
[collector-normal] processing message...
[17:54:00.109][logger] {temperature=17.7, unit=°C, timestamp=1778057640109, sensorId=temperature-sensor}
[file-writer] processing message...
[temperature-sensor] processing message...
[threshold-filter] processing message...
[alerter] processing message...
[collector-alert] processing message...
[경고] 센서 temperature-sensor 온도 37.4°C — 임계값 초과!
[temperature-sensor] processing message...
[threshold-filter] processing message...
[logger] processing message...
[collector-normal] processing message...
[17:54:00.306][logger] {temperature=19.1, unit=°C, timestamp=1778057640305, sensorId=temperature-sensor}
[file-writer] processing message...
[Engine] 엔진 종료됨
]]></system-out>
  </testcase>
  <testcase name="test3" classname="com.fbp.engine.FinalIntegrationTest" time="1.008">
    <system-out><![CDATA[[Engine] 플로우 'final-test-flow' 등록됨
[temperature-sensor] processing message...
[threshold-filter] processing message...
[alerter] processing message...
[경고] 센서 temperature-sensor 온도 40.7°C — 임계값 초과!
[collector-alert] processing message...
[Engine] 플로우 'final-test-flow' 시작됨
[temperature-sensor] processing message...
[threshold-filter] processing message...
[logger] processing message...
[collector-normal] processing message...
[17:54:00.414][logger] {temperature=17.3, unit=°C, timestamp=1778057640414, sensorId=temperature-sensor}
[file-writer] processing message...
[temperature-sensor] processing message...
[threshold-filter] processing message...
[alerter] processing message...
[collector-alert] processing message...
[경고] 센서 temperature-sensor 온도 30.9°C — 임계값 초과!
[temperature-sensor] processing message...
[threshold-filter] processing message...
[logger] processing message...
[collector-normal] processing message...
[17:54:00.613][logger] {temperature=23.2, unit=°C, timestamp=1778057640613, sensorId=temperature-sensor}
[file-writer] processing message...
[temperature-sensor] processing message...
[threshold-filter] processing message...
[alerter] processing message...
[경고] 센서 temperature-sensor 온도 31.5°C — 임계값 초과!
[collector-alert] processing message...
[temperature-sensor] processing message...
[threshold-filter] processing message...
[alerter] processing message...
[collector-alert] processing message...
[경고] 센서 temperature-sensor 온도 35.2°C — 임계값 초과!
[temperature-sensor] processing message...
[threshold-filter] processing message...
[alerter] processing message...
[collector-alert] processing message...
[경고] 센서 temperature-sensor 온도 43.9°C — 임계값 초과!
[temperature-sensor] processing message...
[threshold-filter] processing message...
[logger] processing message...
[collector-normal] processing message...
[17:54:01.015][logger] {temperature=17.6, unit=°C, timestamp=1778057641015, sensorId=temperature-sensor}
[file-writer] processing message...
[temperature-sensor] processing message...
[threshold-filter] processing message...
[logger] processing message...
[collector-normal] processing message...
[17:54:01.114][logger] {temperature=25.2, unit=°C, timestamp=1778057641114, sensorId=temperature-sensor}
[file-writer] processing message...
[temperature-sensor] processing message...
[threshold-filter] processing message...
[alerter] processing message...
[경고] 센서 temperature-sensor 온도 32.8°C — 임계값 초과!
[collector-alert] processing message...
[temperature-sensor] processing message...
[threshold-filter] processing message...
[alerter] processing message...
[경고] 센서 temperature-sensor 온도 41.7°C — 임계값 초과!
[collector-alert] processing message...
[Engine] 엔진 종료됨
]]></system-out>
  </testcase>
  <testcase name="test4" classname="com.fbp.engine.FinalIntegrationTest" time="1.01">
    <system-out><![CDATA[[Engine] 플로우 'final-test-flow' 등록됨
[temperature-sensor] processing message...
[threshold-filter] processing message...
[logger] processing message...
[Engine] 플로우 'final-test-flow' 시작됨
[collector-normal] processing message...
[17:54:01.321][logger] {temperature=20.9, unit=°C, timestamp=1778057641321, sensorId=temperature-sensor}
[file-writer] processing message...
[temperature-sensor] processing message...
[threshold-filter] processing message...
[logger] processing message...
[collector-normal] processing message...
[17:54:01.426][logger] {temperature=25.4, unit=°C, timestamp=1778057641425, sensorId=temperature-sensor}
[file-writer] processing message...
[temperature-sensor] processing message...
[threshold-filter] processing message...
[alerter] processing message...
[경고] 센서 temperature-sensor 온도 37.9°C — 임계값 초과!
[collector-alert] processing message...
[temperature-sensor] processing message...
[threshold-filter] processing message...
[logger] processing message...
[collector-normal] processing message...
[17:54:01.624][logger] {temperature=16.4, unit=°C, timestamp=1778057641623, sensorId=temperature-sensor}
[file-writer] processing message...
[temperature-sensor] processing message...
[threshold-filter] processing message...
[logger] processing message...
[collector-normal] processing message...
[17:54:01.721][logger] {temperature=17.2, unit=°C, timestamp=1778057641721, sensorId=temperature-sensor}
[file-writer] processing message...
[temperature-sensor] processing message...
[threshold-filter] processing message...
[alerter] processing message...
[경고] 센서 temperature-sensor 온도 44.1°C — 임계값 초과!
[collector-alert] processing message...
[temperature-sensor] processing message...
[threshold-filter] processing message...
[logger] processing message...
[collector-normal] processing message...
[17:54:01.925][logger] {temperature=22.1, unit=°C, timestamp=1778057641925, sensorId=temperature-sensor}
[file-writer] processing message...
[temperature-sensor] processing message...
[threshold-filter] processing message...
[logger] processing message...
[collector-normal] processing message...
[17:54:02.026][logger] {temperature=22.2, unit=°C, timestamp=1778057642025, sensorId=temperature-sensor}
[file-writer] processing message...
[temperature-sensor] processing message...
[threshold-filter] processing message...
[logger] processing message...
[collector-normal] processing message...
[17:54:02.122][logger] {temperature=27.7, unit=°C, timestamp=1778057642122, sensorId=temperature-sensor}
[file-writer] processing message...
[temperature-sensor] processing message...
[threshold-filter] processing message...
[logger] processing message...
[collector-normal] processing message...
[17:54:02.222][logger] {temperature=20.1, unit=°C, timestamp=1778057642221, sensorId=temperature-sensor}
[file-writer] processing message...
[temperature-sensor] processing message...
[threshold-filter] processing message...
[logger] processing message...
[collector-normal] processing message...
[17:54:02.325][logger] {temperature=20.7, unit=°C, timestamp=1778057642325, sensorId=temperature-sensor}
[file-writer] processing message...
[Engine] 엔진 종료됨
]]></system-out>
  </testcase>
  <testcase name="test5" classname="com.fbp.engine.FinalIntegrationTest" time="1.017">
    <system-out><![CDATA[[Engine] 플로우 'final-test-flow' 등록됨
[temperature-sensor] processing message...
[threshold-filter] processing message...
[logger] processing message...
[17:54:02.333][logger] {temperature=17.9, unit=°C, timestamp=1778057642333, sensorId=temperature-sensor}
[file-writer] processing message...
[Engine] 플로우 'final-test-flow' 시작됨
[collector-normal] processing message...
[temperature-sensor] processing message...
[threshold-filter] processing message...
[logger] processing message...
[collector-normal] processing message...
[17:54:02.435][logger] {temperature=28.9, unit=°C, timestamp=1778057642435, sensorId=temperature-sensor}
[file-writer] processing message...
[temperature-sensor] processing message...
[threshold-filter] processing message...
[alerter] processing message...
[collector-alert] processing message...
[경고] 센서 temperature-sensor 온도 44.1°C — 임계값 초과!
[temperature-sensor] processing message...
[threshold-filter] processing message...
[logger] processing message...
[collector-normal] processing message...
[17:54:02.638][logger] {temperature=16.2, unit=°C, timestamp=1778057642638, sensorId=temperature-sensor}
[file-writer] processing message...
[temperature-sensor] processing message...
[threshold-filter] processing message...
[logger] processing message...
[collector-normal] processing message...
[17:54:02.734][logger] {temperature=29.9, unit=°C, timestamp=1778057642734, sensorId=temperature-sensor}
[file-writer] processing message...
[temperature-sensor] processing message...
[threshold-filter] processing message...
[alerter] processing message...
[경고] 센서 temperature-sensor 온도 41.0°C — 임계값 초과!
[collector-alert] processing message...
[temperature-sensor] processing message...
[threshold-filter] processing message...
[logger] processing message...
[collector-normal] processing message...
[17:54:02.935][logger] {temperature=27.5, unit=°C, timestamp=1778057642934, sensorId=temperature-sensor}
[file-writer] processing message...
[temperature-sensor] processing message...
[threshold-filter] processing message...
[logger] processing message...
[collector-normal] processing message...
[17:54:03.038][logger] {temperature=18.0, unit=°C, timestamp=1778057643037, sensorId=temperature-sensor}
[file-writer] processing message...
[temperature-sensor] processing message...
[threshold-filter] processing message...
[alerter] processing message...
[경고] 센서 temperature-sensor 온도 30.9°C — 임계값 초과!
[collector-alert] processing message...
[temperature-sensor] processing message...
[threshold-filter] processing message...
[alerter] processing message...
[경고] 센서 temperature-sensor 온도 35.1°C — 임계값 초과!
[collector-alert] processing message...
[temperature-sensor] processing message...
[threshold-filter] processing message...
[alerter] processing message...
[collector-alert] processing message...
[경고] 센서 temperature-sensor 온도 41.9°C — 임계값 초과!
[Engine] 엔진 종료됨
]]></system-out>
  </testcase>
  <testcase name="test6" classname="com.fbp.engine.FinalIntegrationTest" time="1.009">
    <system-out><![CDATA[[Engine] 플로우 'final-test-flow' 등록됨
[temperature-sensor] processing message...
[threshold-filter] processing message...
[logger] processing message...
[17:54:03.349][logger] {temperature=25.7, unit=°C, timestamp=1778057643349, sensorId=temperature-sensor}
[file-writer] processing message...
[Engine] 플로우 'final-test-flow' 시작됨
[collector-normal] processing message...
[temperature-sensor] processing message...
[threshold-filter] processing message...
[alerter] processing message...
[경고] 센서 temperature-sensor 온도 30.6°C — 임계값 초과!
[collector-alert] processing message...
[temperature-sensor] processing message...
[threshold-filter] processing message...
[logger] processing message...
[collector-normal] processing message...
[17:54:03.552][logger] {temperature=25.8, unit=°C, timestamp=1778057643551, sensorId=temperature-sensor}
[file-writer] processing message...
[temperature-sensor] processing message...
[threshold-filter] processing message...
[collector-alert] processing message...
[alerter] processing message...
[경고] 센서 temperature-sensor 온도 38.7°C — 임계값 초과!
[temperature-sensor] processing message...
[threshold-filter] processing message...
[alerter] processing message...
[경고] 센서 temperature-sensor 온도 38.1°C — 임계값 초과!
[collector-alert] processing message...
[temperature-sensor] processing message...
[threshold-filter] processing message...
[logger] processing message...
[collector-normal] processing message...
[17:54:03.855][logger] {temperature=27.9, unit=°C, timestamp=1778057643854, sensorId=temperature-sensor}
[file-writer] processing message...
[temperature-sensor] processing message...
[threshold-filter] processing message...
[alerter] processing message...
[경고] 센서 temperature-sensor 온도 31.5°C — 임계값 초과!
[collector-alert] processing message...
[temperature-sensor] processing message...
[threshold-filter] processing message...
[logger] processing message...
[collector-normal] processing message...
[17:54:04.054][logger] {temperature=18.0, unit=°C, timestamp=1778057644054, sensorId=temperature-sensor}
[file-writer] processing message...
[temperature-sensor] processing message...
[threshold-filter] processing message...
[logger] processing message...
[collector-normal] processing message...
[17:54:04.155][logger] {temperature=23.3, unit=°C, timestamp=1778057644154, sensorId=temperature-sensor}
[file-writer] processing message...
[temperature-sensor] processing message...
[threshold-filter] processing message...
[alerter] processing message...
[collector-alert] processing message...
[경고] 센서 temperature-sensor 온도 37.0°C — 임계값 초과!
[temperature-sensor] processing message...
[threshold-filter] processing message...
[logger] processing message...
[collector-normal] processing message...
[17:54:04.354][logger] {temperature=16.2, unit=°C, timestamp=1778057644354, sensorId=temperature-sensor}
[file-writer] processing message...
[Engine] 엔진 종료됨
]]></system-out>
  </testcase>
  <testcase name="test7" classname="com.fbp.engine.FinalIntegrationTest" time="1.007">
    <system-out><![CDATA[[Engine] 플로우 'final-test-flow' 등록됨
[temperature-sensor] processing message...
[threshold-filter] processing message...
[alerter] processing message...
[경고] 센서 temperature-sensor 온도 41.2°C — 임계값 초과!
[collector-alert] processing message...
[Engine] 플로우 'final-test-flow' 시작됨
[temperature-sensor] processing message...
[threshold-filter] processing message...
[logger] processing message...
[collector-normal] processing message...
[17:54:04.464][logger] {temperature=17.8, unit=°C, timestamp=1778057644464, sensorId=temperature-sensor}
[file-writer] processing message...
[temperature-sensor] processing message...
[threshold-filter] processing message...
[alerter] processing message...
[경고] 센서 temperature-sensor 온도 36.0°C — 임계값 초과!
[collector-alert] processing message...
[temperature-sensor] processing message...
[threshold-filter] processing message...
[collector-alert] processing message...
[alerter] processing message...
[경고] 센서 temperature-sensor 온도 42.0°C — 임계값 초과!
[temperature-sensor] processing message...
[threshold-filter] processing message...
[collector-alert] processing message...
[alerter] processing message...
[경고] 센서 temperature-sensor 온도 43.5°C — 임계값 초과!
[temperature-sensor] processing message...
[threshold-filter] processing message...
[logger] processing message...
[collector-normal] processing message...
[17:54:04.862][logger] {temperature=21.2, unit=°C, timestamp=1778057644862, sensorId=temperature-sensor}
[file-writer] processing message...
[temperature-sensor] processing message...
[threshold-filter] processing message...
[alerter] processing message...
[경고] 센서 temperature-sensor 온도 40.3°C — 임계값 초과!
[collector-alert] processing message...
[temperature-sensor] processing message...
[threshold-filter] processing message...
[logger] processing message...
[collector-normal] processing message...
[17:54:05.064][logger] {temperature=18.1, unit=°C, timestamp=1778057645064, sensorId=temperature-sensor}
[file-writer] processing message...
[temperature-sensor] processing message...
[threshold-filter] processing message...
[alerter] processing message...
[경고] 센서 temperature-sensor 온도 39.2°C — 임계값 초과!
[collector-alert] processing message...
[temperature-sensor] processing message...
[threshold-filter] processing message...
[alerter] processing message...
[경고] 센서 temperature-sensor 온도 41.4°C — 임계값 초과!
[collector-alert] processing message...
[Engine] 엔진 종료됨
]]></system-out>
  </testcase>
</testsuite>