<?xml version="1.0" encoding="UTF-8"?>
<testsuite xmlns:xsi="http://www.w3.org/2001/XMLSchema-instance" xsi:noNamespaceSchemaLocation="https://maven.apache.org/surefire/maven-surefire-plugin/xsd/surefire-test-report-3.0.xsd" version="3.0" name="com.fbp.engine.FinalIntegrationTest" time="7.087" tests="7" errors="0" skipped="0" failures="0">
  <properties>
[...]
</properties>
  <testcase name="test1" classname="com.fbp.engine.FinalIntegrationTest" time="1.007">
    <system-out><![CDATA[[Engine] 플로우 'final-test-flow' 등록됨
[temperature-sensor] processing message...
[threshold-filter] processing message...
[collector-alert] processing message...
[alerter] processing message...
[경고] 센서 temperature-sensor 온도 35.7°C — 임계값 초과!
[Engine] 플로우 'final-test-flow' 시작됨
[temperature-sensor] processing message...
[threshold-filter] processing message...
[alerter] processing message...
[경고] 센서 temperature-sensor 온도 37.3°C — 임계값 초과!
[collector-alert] processing message...
[temperature-sensor] processing message...
[threshold-filter] processing message...
[logger] processing message...
[collector-normal] processing message...
[10:34:08.562][logger] {temperature=25.0, unit=°C, timestamp=1778204048561, sensorId=temperature-sensor}
[file-writer] processing message...
[temperature-sensor] processing message...
[threshold-filter] processing message...
[alerter] processing message...
[경고] 센서 temperature-sensor 온도 35.3°C — 임계값 초과!
[collector-alert] processing message...
[temperature-sensor] processing message...
[threshold-filter] processing message...
[logger] processing message...
[collector-normal] processing message...
[10:34:08.765][logger] {temperature=24.0, unit=°C, timestamp=1778204048764, sensorId=temperature-sensor}
[file-writer] processing message...
[temperature-sensor] processing message...
[threshold-filter] processing message...
[alerter] processing message...
[경고] 센서 temperature-sensor 온도 36.0°C — 임계값 초과!
[collector-alert] processing message...
[temperature-sensor] processing message...
[threshold-filter] processing message...
[alerter] processing message...
[경고] 센서 temperature-sensor 온도 43.2°C — 임계값 초과!
[collector-alert] processing message...
[temperature-sensor] processing message...
[threshold-filter] processing message...
[logger] processing message...
[collector-normal] processing message...
[10:34:09.065][logger] {temperature=19.6, unit=°C, timestamp=1778204049064, sensorId=temperature-sensor}
[file-writer] processing message...
[temperature-sensor] processing message...
[threshold-filter] processing message...
[alerter] processing message...
[경고] 센서 temperature-sensor 온도 42.9°C — 임계값 초과!
[collector-alert] processing message...
[temperature-sensor] processing message...
[threshold-filter] processing message...
[logger] processing message...
[collector-normal] processing message...
[10:34:09.266][logger] {temperature=23.0, unit=°C, timestamp=1778204049265, sensorId=temperature-sensor}
[file-writer] processing message...
[temperature-sensor] processing message...
[threshold-filter] processing message...
[collector-alert] processing message...
[alerter] processing message...
[경고] 센서 temperature-sensor 온도 37.4°C — 임계값 초과!
[Engine] 엔진 종료됨
]]></system-out>
  </testcase>
  <testcase name="test2" classname="com.fbp.engine.FinalIntegrationTest" time="1.009">
    <system-out><![CDATA[[Engine] 플로우 'final-test-flow' 등록됨
[temperature-sensor] processing message...
[threshold-filter] processing message...
[logger] processing message...
[Engine] 플로우 'final-test-flow' 시작됨
[10:34:09.367][logger] {temperature=15.1, unit=°C, timestamp=1778204049367, sensorId=temperature-sensor}
[collector-normal] processing message...
[file-writer] processing message...
[temperature-sensor] processing message...
[threshold-filter] processing message...
[alerter] processing message...
[collector-alert] processing message...
[경고] 센서 temperature-sensor 온도 34.9°C — 임계값 초과!
[temperature-sensor] processing message...
[threshold-filter] processing message...
[logger] processing message...
[collector-normal] processing message...
[10:34:09.572][logger] {temperature=17.4, unit=°C, timestamp=1778204049572, sensorId=temperature-sensor}
[file-writer] processing message...
[temperature-sensor] processing message...
[threshold-filter] processing message...
[alerter] processing message...
[경고] 센서 temperature-sensor 온도 44.5°C — 임계값 초과!
[collector-alert] processing message...
[temperature-sensor] processing message...
[threshold-filter] processing message...
[alerter] processing message...
[collector-alert] processing message...
[경고] 센서 temperature-sensor 온도 41.3°C — 임계값 초과!
[temperature-sensor] processing message...
[threshold-filter] processing message...
[alerter] processing message...
[경고] 센서 temperature-sensor 온도 41.2°C — 임계값 초과!
[collector-alert] processing message...
[temperature-sensor] processing message...
[threshold-filter] processing message...
[logger] processing message...
[collector-normal] processing message...
[10:34:09.972][logger] {temperature=16.5, unit=°C, timestamp=1778204049972, sensorId=temperature-sensor}
[file-writer] processing message...
[temperature-sensor] processing message...
[threshold-filter] processing message...
[logger] processing message...
[collector-normal] processing message...
[10:34:10.071][logger] {temperature=26.0, unit=°C, timestamp=1778204050071, sensorId=temperature-sensor}
[file-writer] processing message...
[temperature-sensor] processing message...
[threshold-filter] processing message...
[alerter] processing message...
[collector-alert] processing message...
[경고] 센서 temperature-sensor 온도 39.3°C — 임계값 초과!
[temperature-sensor] processing message...
[threshold-filter] processing message...
[logger] processing message...
[collector-normal] processing message...
[10:34:10.271][logger] {temperature=18.6, unit=°C, timestamp=1778204050270, sensorId=temperature-sensor}
[file-writer] processing message...
[temperature-sensor] processing message...
[threshold-filter] processing message...
[logger] processing message...
[collector-normal] processing message...
[10:34:10.372][logger] {temperature=28.2, unit=°C, timestamp=1778204050371, sensorId=temperature-sensor}
[file-writer] processing message...
[Engine] 엔진 종료됨
]]></system-out>
  </testcase>
  <testcase name="test3" classname="com.fbp.engine.FinalIntegrationTest" time="1.012">
    <system-out><![CDATA[[Engine] 플로우 'final-test-flow' 등록됨
[temperature-sensor] processing message...
[threshold-filter] processing message...
[alerter] processing message...
[collector-alert] processing message...
[경고] 센서 temperature-sensor 온도 38.4°C — 임계값 초과!
[Engine] 플로우 'final-test-flow' 시작됨
[temperature-sensor] processing message...
[threshold-filter] processing message...
[logger] processing message...
[collector-normal] processing message...
[10:34:10.488][logger] {temperature=29.0, unit=°C, timestamp=1778204050487, sensorId=temperature-sensor}
[file-writer] processing message...
[temperature-sensor] processing message...
[threshold-filter] processing message...
[collector-normal] processing message...
[logger] processing message...
[10:34:10.581][logger] {temperature=18.5, unit=°C, timestamp=1778204050581, sensorId=temperature-sensor}
[file-writer] processing message...
[temperature-sensor] processing message...
[threshold-filter] processing message...
[logger] processing message...
[10:34:10.686][logger] {temperature=15.3, unit=°C, timestamp=1778204050686, sensorId=temperature-sensor}
[collector-normal] processing message...
[file-writer] processing message...
[temperature-sensor] processing message...
[threshold-filter] processing message...
[logger] processing message...
[collector-normal] processing message...
[10:34:10.788][logger] {temperature=29.4, unit=°C, timestamp=1778204050787, sensorId=temperature-sensor}
[file-writer] processing message...
[temperature-sensor] processing message...
[threshold-filter] processing message...
[logger] processing message...
[collector-normal] processing message...
[10:34:10.886][logger] {temperature=19.3, unit=°C, timestamp=1778204050886, sensorId=temperature-sensor}
[file-writer] processing message...
[temperature-sensor] processing message...
[threshold-filter] processing message...
[logger] processing message...
[collector-normal] processing message...
[10:34:10.982][logger] {temperature=20.2, unit=°C, timestamp=1778204050982, sensorId=temperature-sensor}
[file-writer] processing message...
[temperature-sensor] processing message...
[threshold-filter] processing message...
[logger] processing message...
[collector-normal] processing message...
[10:34:11.086][logger] {temperature=29.5, unit=°C, timestamp=1778204051086, sensorId=temperature-sensor}
[file-writer] processing message...
[temperature-sensor] processing message...
[threshold-filter] processing message...
[alerter] processing message...
[collector-alert] processing message...
[경고] 센서 temperature-sensor 온도 42.2°C — 임계값 초과!
[temperature-sensor] processing message...
[threshold-filter] processing message...
[alerter] processing message...
[경고] 센서 temperature-sensor 온도 39.6°C — 임계값 초과!
[collector-alert] processing message...
[temperature-sensor] processing message...
[threshold-filter] processing message...
[collector-alert] processing message...
[alerter] processing message...
[경고] 센서 temperature-sensor 온도 30.7°C — 임계값 초과!
[Engine] 엔진 종료됨
]]></system-out>
  </testcase>
  <testcase name="test4" classname="com.fbp.engine.FinalIntegrationTest" time="1.007">
    <system-out><![CDATA[[Engine] 플로우 'final-test-flow' 등록됨
[temperature-sensor] processing message...
[threshold-filter] processing message...
[alerter] processing message...
[경고] 센서 temperature-sensor 온도 31.7°C — 임계값 초과!
[collector-alert] processing message...
[Engine] 플로우 'final-test-flow' 시작됨
[temperature-sensor] processing message...
[threshold-filter] processing message...
[alerter] processing message...
[collector-alert] processing message...
[경고] 센서 temperature-sensor 온도 32.4°C — 임계값 초과!
[temperature-sensor] processing message...
[threshold-filter] processing message...
[logger] processing message...
[collector-normal] processing message...
[10:34:11.591][logger] {temperature=22.3, unit=°C, timestamp=1778204051590, sensorId=temperature-sensor}
[file-writer] processing message...
[temperature-sensor] processing message...
[threshold-filter] processing message...
[alerter] processing message...
[collector-alert] processing message...
[경고] 센서 temperature-sensor 온도 34.8°C — 임계값 초과!
[temperature-sensor] processing message...
[threshold-filter] processing message...
[logger] processing message...
[collector-normal] processing message...
[10:34:11.791][logger] {temperature=28.5, unit=°C, timestamp=1778204051791, sensorId=temperature-sensor}
[file-writer] processing message...
[temperature-sensor] processing message...
[threshold-filter] processing message...
[alerter] processing message...
[경고] 센서 temperature-sensor 온도 42.4°C — 임계값 초과!
[collector-alert] processing message...
[temperature-sensor] processing message...
[threshold-filter] processing message...
[logger] processing message...
[collector-normal] processing message...
[10:34:11.996][logger] {temperature=29.4, unit=°C, timestamp=1778204051995, sensorId=temperature-sensor}
[file-writer] processing message...
[temperature-sensor] processing message...
[threshold-filter] processing message...
[alerter] processing message...
[collector-alert] processing message...
[경고] 센서 temperature-sensor 온도 33.0°C — 임계값 초과!
[temperature-sensor] processing message...
[threshold-filter] processing message...
[logger] processing message...
[collector-normal] processing message...
[10:34:12.192][logger] {temperature=17.0, unit=°C, timestamp=1778204052192, sensorId=temperature-sensor}
[file-writer] processing message...
[temperature-sensor] processing message...
[threshold-filter] processing message...
[alerter] processing message...
[collector-alert] processing message...
[경고] 센서 temperature-sensor 온도 42.2°C — 임계값 초과!
[temperature-sensor] processing message...
[Engine] 엔진 종료됨
[threshold-filter] processing message...
]]></system-out>
  </testcase>
  <testcase name="test5" classname="com.fbp.engine.FinalIntegrationTest" time="1.024">
    <system-out><![CDATA[[Engine] 플로우 'final-test-flow' 등록됨
[temperature-sensor] processing message...
[threshold-filter] processing message...
[logger] processing message...
[10:34:12.398][logger] {temperature=19.4, unit=°C, timestamp=1778204052398, sensorId=temperature-sensor}
[Engine] 플로우 'final-test-flow' 시작됨
[file-writer] processing message...
[collector-normal] processing message...
[temperature-sensor] processing message...
[threshold-filter] processing message...
[alerter] processing message...
[경고] 센서 temperature-sensor 온도 37.9°C — 임계값 초과!
[collector-alert] processing message...
[temperature-sensor] processing message...
[threshold-filter] processing message...
[alerter] processing message...
[collector-alert] processing message...
[경고] 센서 temperature-sensor 온도 33.1°C — 임계값 초과!
[temperature-sensor] processing message...
[threshold-filter] processing message...
[logger] processing message...
[collector-normal] processing message...
[10:34:12.703][logger] {temperature=21.0, unit=°C, timestamp=1778204052703, sensorId=temperature-sensor}
[file-writer] processing message...
[temperature-sensor] processing message...
[threshold-filter] processing message...
[alerter] processing message...
[경고] 센서 temperature-sensor 온도 32.1°C — 임계값 초과!
[collector-alert] processing message...
[temperature-sensor] processing message...
[threshold-filter] processing message...
[alerter] processing message...
[경고] 센서 temperature-sensor 온도 35.1°C — 임계값 초과!
[collector-alert] processing message...
[temperature-sensor] processing message...
[threshold-filter] processing message...
[alerter] processing message...
[collector-alert] processing message...
[경고] 센서 temperature-sensor 온도 37.8°C — 임계값 초과!
[temperature-sensor] processing message...
[threshold-filter] processing message...
[logger] processing message...
[10:34:13.101][logger] {temperature=15.2, unit=°C, timestamp=1778204053100, sensorId=temperature-sensor}
[collector-normal] processing message...
[file-writer] processing message...
[temperature-sensor] processing message...
[threshold-filter] processing message...
[alerter] processing message...
[경고] 센서 temperature-sensor 온도 43.0°C — 임계값 초과!
[collector-alert] processing message...
[temperature-sensor] processing message...
[threshold-filter] processing message...
[alerter] processing message...
[경고] 센서 temperature-sensor 온도 36.1°C — 임계값 초과!
[collector-alert] processing message...
[Engine] 엔진 종료됨
]]></system-out>
  </testcase>
  <testcase name="test6" classname="com.fbp.engine.FinalIntegrationTest" time="1.011">
    <system-out><![CDATA[[Engine] 플로우 'final-test-flow' 등록됨
[temperature-sensor] processing message...
[threshold-filter] processing message...
[alerter] processing message...
[경고] 센서 temperature-sensor 온도 38.4°C — 임계값 초과!
[collector-alert] processing message...
[Engine] 플로우 'final-test-flow' 시작됨
[temperature-sensor] processing message...
[threshold-filter] processing message...
[alerter] processing message...
[경고] 센서 temperature-sensor 온도 36.3°C — 임계값 초과!
[collector-alert] processing message...
[temperature-sensor] processing message...
[threshold-filter] processing message...
[logger] processing message...
[collector-normal] processing message...
[10:34:13.628][logger] {temperature=17.0, unit=°C, timestamp=1778204053628, sensorId=temperature-sensor}
[file-writer] processing message...
[temperature-sensor] processing message...
[threshold-filter] processing message...
[logger] processing message...
[10:34:13.729][logger] {temperature=24.2, unit=°C, timestamp=1778204053728, sensorId=temperature-sensor}
[collector-normal] processing message...
[file-writer] processing message...
[temperature-sensor] processing message...
[threshold-filter] processing message...
[logger] processing message...
[collector-normal] processing message...
[10:34:13.827][logger] {temperature=16.5, unit=°C, timestamp=1778204053827, sensorId=temperature-sensor}
[file-writer] processing message...
[temperature-sensor] processing message...
[threshold-filter] processing message...
[alerter] processing message...
[collector-alert] processing message...
[경고] 센서 temperature-sensor 온도 34.7°C — 임계값 초과!
[temperature-sensor] processing message...
[threshold-filter] processing message...
[alerter] processing message...
[경고] 센서 temperature-sensor 온도 35.7°C — 임계값 초과!
[collector-alert] processing message...
[temperature-sensor] processing message...
[threshold-filter] processing message...
[logger] processing message...
[10:34:14.127][logger] {temperature=20.4, unit=°C, timestamp=1778204054127, sensorId=temperature-sensor}
[collector-normal] processing message...
[file-writer] processing message...
[temperature-sensor] processing message...
[threshold-filter] processing message...
[alerter] processing message...
[collector-alert] processing message...
[경고] 센서 temperature-sensor 온도 44.8°C — 임계값 초과!
[temperature-sensor] processing message...
[threshold-filter] processing message...
[alerter] processing message...
[경고] 센서 temperature-sensor 온도 41.3°C — 임계값 초과!
[collector-alert] processing message...
[temperature-sensor] processing message...[Engine] 엔진 종료됨

]]></system-out>
  </testcase>
  <testcase name="test7" classname="com.fbp.engine.FinalIntegrationTest" time="1.011">
    <system-out><![CDATA[[Engine] 플로우 'final-test-flow' 등록됨
[temperature-sensor] processing message...
[threshold-filter] processing message...
[logger] processing message...
[Engine] 플로우 'final-test-flow' 시작됨
[collector-normal] processing message...
[10:34:14.436][logger] {temperature=25.2, unit=°C, timestamp=1778204054436, sensorId=temperature-sensor}
[file-writer] processing message...
[temperature-sensor] processing message...
[threshold-filter] processing message...
[collector-alert] processing message...
[alerter] processing message...
[경고] 센서 temperature-sensor 온도 36.7°C — 임계값 초과!
[temperature-sensor] processing message...
[threshold-filter] processing message...
[alerter] processing message...
[경고] 센서 temperature-sensor 온도 37.4°C — 임계값 초과!
[collector-alert] processing message...
[temperature-sensor] processing message...
[threshold-filter] processing message...
[alerter] processing message...
[collector-alert] processing message...
[경고] 센서 temperature-sensor 온도 41.5°C — 임계값 초과!
[temperature-sensor] processing message...
[threshold-filter] processing message...
[logger] processing message...
[collector-normal] processing message...
[10:34:14.837][logger] {temperature=16.1, unit=°C, timestamp=1778204054836, sensorId=temperature-sensor}
[file-writer] processing message...
[temperature-sensor] processing message...
[threshold-filter] processing message...
[logger] processing message...
[collector-normal] processing message...
[10:34:14.940][logger] {temperature=18.1, unit=°C, timestamp=1778204054940, sensorId=temperature-sensor}
[file-writer] processing message...
[temperature-sensor] processing message...
[threshold-filter] processing message...
[alerter] processing message...
[collector-alert] processing message...
[경고] 센서 temperature-sensor 온도 36.0°C — 임계값 초과!
[temperature-sensor] processing message...
[threshold-filter] processing message...
[collector-normal] processing message...
[logger] processing message...
[10:34:15.136][logger] {temperature=26.5, unit=°C, timestamp=1778204055136, sensorId=temperature-sensor}
[file-writer] processing message...
[temperature-sensor] processing message...
[threshold-filter] processing message...
[collector-normal] processing message...
[logger] processing message...
[10:34:15.237][logger] {temperature=21.4, unit=°C, timestamp=1778204055236, sensorId=temperature-sensor}
[file-writer] processing message...
[temperature-sensor] processing message...
[threshold-filter] processing message...
[alerter] processing message...
[collector-alert] processing message...
[경고] 센서 temperature-sensor 온도 43.2°C — 임계값 초과!
[temperature-sensor] processing message...
[threshold-filter] processing message...
[alerter] processing message...
[경고] 센서 temperature-sensor 온도 43.3°C — 임계값 초과!
[collector-alert] processing message...
[Engine] 엔진 종료됨
]]></system-out>
  </testcase>
</testsuite>