<?xml version="1.0" encoding="UTF-8"?>
<testsuite xmlns:xsi="http://www.w3.org/2001/XMLSchema-instance" xsi:noNamespaceSchemaLocation="https://maven.apache.org/surefire/maven-surefire-plugin/xsd/surefire-test-report-3.0.xsd" version="3.0" name="com.fbp.engine.integration.FinalIntegrationTest" time="7.077" tests="7" errors="0" skipped="0" failures="0">
  <properties>
[...]
</properties>
  <testcase name="test1" classname="com.fbp.engine.integration.FinalIntegrationTest" time="1.024">
    <system-out><![CDATA[[Engine] 플로우 'final-test-flow' 등록됨
[Engine] 플로우 'final-test-flow' 시작됨
[temperature-sensor] processing message...
[threshold-filter] processing message...
[collector-normal] processing message...
[logger] processing message...
[10:54:51.024][logger] {temperature=27.4, unit=°C, timestamp=1779760491018, sensorId=temperature-sensor}
[file-writer] processing message...
[temperature-sensor] processing message...
[threshold-filter] processing message...
[logger] processing message...
[collector-normal] processing message...
[10:54:51.105][logger] {temperature=15.6, unit=°C, timestamp=1779760491104, sensorId=temperature-sensor}
[file-writer] processing message...
[temperature-sensor] processing message...
[threshold-filter] processing message...
[alerter] processing message...
[collector-alert] processing message...
[경고] 센서 temperature-sensor 온도 40.8°C — 임계값 초과!
[temperature-sensor] processing message...
[threshold-filter] processing message...
[logger] processing message...
[collector-normal] processing message...
[10:54:51.305][logger] {temperature=16.1, unit=°C, timestamp=1779760491305, sensorId=temperature-sensor}
[file-writer] processing message...
[temperature-sensor] processing message...
[threshold-filter] processing message...
[logger] processing message...
[collector-normal] processing message...
[10:54:51.400][logger] {temperature=19.6, unit=°C, timestamp=1779760491400, sensorId=temperature-sensor}
[file-writer] processing message...
[temperature-sensor] processing message...
[threshold-filter] processing message...
[alerter] processing message...
[경고] 센서 temperature-sensor 온도 39.6°C — 임계값 초과!
[collector-alert] processing message...
[temperature-sensor] processing message...
[threshold-filter] processing message...
[logger] processing message...
[collector-normal] processing message...
[10:54:51.605][logger] {temperature=19.3, unit=°C, timestamp=1779760491604, sensorId=temperature-sensor}
[file-writer] processing message...
[temperature-sensor] processing message...
[threshold-filter] processing message...
[logger] processing message...
[collector-normal] processing message...
[10:54:51.705][logger] {temperature=29.1, unit=°C, timestamp=1779760491705, sensorId=temperature-sensor}
[file-writer] processing message...
[temperature-sensor] processing message...
[threshold-filter] processing message...
[logger] processing message...
[collector-normal] processing message...
[10:54:51.803][logger] {temperature=28.1, unit=°C, timestamp=1779760491803, sensorId=temperature-sensor}
[file-writer] processing message...
[temperature-sensor] processing message...
[threshold-filter] processing message...
[alerter] processing message...
[경고] 센서 temperature-sensor 온도 38.0°C — 임계값 초과!
[collector-alert] processing message...
[temperature-sensor] processing message...
[threshold-filter] processing message...
[alerter] processing message...
[경고] 센서 temperature-sensor 온도 35.6°C — 임계값 초과!
[collector-alert] processing message...
[Engine] 엔진 종료됨
]]></system-out>
  </testcase>
  <testcase name="test2" classname="com.fbp.engine.integration.FinalIntegrationTest" time="1.006">
    <system-out><![CDATA[[Engine] 플로우 'final-test-flow' 등록됨
[temperature-sensor] processing message...
[threshold-filter] processing message...
[alerter] processing message...
[Engine] 플로우 'final-test-flow' 시작됨
[collector-alert] processing message...
[경고] 센서 temperature-sensor 온도 31.4°C — 임계값 초과!
[temperature-sensor] processing message...
[threshold-filter] processing message...
[logger] processing message...
[collector-normal] processing message...
[10:54:52.121][logger] {temperature=16.7, unit=°C, timestamp=1779760492121, sensorId=temperature-sensor}
[file-writer] processing message...
[temperature-sensor] processing message...
[threshold-filter] processing message...
[alerter] processing message...
[경고] 센서 temperature-sensor 온도 35.0°C — 임계값 초과!
[collector-alert] processing message...
[temperature-sensor] processing message...
[threshold-filter] processing message...
[logger] processing message...
[collector-normal] processing message...
[10:54:52.316][logger] {temperature=25.6, unit=°C, timestamp=1779760492316, sensorId=temperature-sensor}
[file-writer] processing message...
[temperature-sensor] processing message...
[threshold-filter] processing message...
[collector-alert] processing message...
[alerter] processing message...
[경고] 센서 temperature-sensor 온도 44.7°C — 임계값 초과!
[temperature-sensor] processing message...
[threshold-filter] processing message...
[logger] processing message...
[collector-normal] processing message...
[10:54:52.520][logger] {temperature=27.6, unit=°C, timestamp=1779760492520, sensorId=temperature-sensor}
[file-writer] processing message...
[temperature-sensor] processing message...
[threshold-filter] processing message...
[logger] processing message...
[collector-normal] processing message...
[10:54:52.618][logger] {temperature=16.9, unit=°C, timestamp=1779760492618, sensorId=temperature-sensor}
[file-writer] processing message...
[temperature-sensor] processing message...
[threshold-filter] processing message...
[alerter] processing message...
[경고] 센서 temperature-sensor 온도 43.6°C — 임계값 초과!
[collector-alert] processing message...
[temperature-sensor] processing message...
[threshold-filter] processing message...
[alerter] processing message...
[경고] 센서 temperature-sensor 온도 34.0°C — 임계값 초과!
[collector-alert] processing message...
[temperature-sensor] processing message...
[threshold-filter] processing message...
[alerter] processing message...
[collector-alert] processing message...
[경고] 센서 temperature-sensor 온도 32.1°C — 임계값 초과!
[Engine] 엔진 종료됨
]]></system-out>
  </testcase>
  <testcase name="test3" classname="com.fbp.engine.integration.FinalIntegrationTest" time="1.005">
    <system-out><![CDATA[[Engine] 플로우 'final-test-flow' 등록됨
[temperature-sensor] processing message...
[threshold-filter] processing message...
[alerter] processing message...
[경고] 센서 temperature-sensor 온도 40.8°C — 임계값 초과!
[collector-alert] processing message...
[Engine] 플로우 'final-test-flow' 시작됨
[temperature-sensor] processing message...
[threshold-filter] processing message...
[logger] processing message...
[collector-normal] processing message...
[10:54:53.126][logger] {temperature=21.7, unit=°C, timestamp=1779760493126, sensorId=temperature-sensor}
[file-writer] processing message...
[temperature-sensor] processing message...
[threshold-filter] processing message...
[logger] processing message...
[collector-normal] processing message...
[10:54:53.224][logger] {temperature=24.1, unit=°C, timestamp=1779760493223, sensorId=temperature-sensor}
[file-writer] processing message...
[temperature-sensor] processing message...
[threshold-filter] processing message...
[alerter] processing message...
[경고] 센서 temperature-sensor 온도 36.4°C — 임계값 초과!
[collector-alert] processing message...
[temperature-sensor] processing message...
[threshold-filter] processing message...
[logger] processing message...
[collector-normal] processing message...
[10:54:53.427][logger] {temperature=27.6, unit=°C, timestamp=1779760493425, sensorId=temperature-sensor}
[file-writer] processing message...
[temperature-sensor] processing message...
[threshold-filter] processing message...
[logger] processing message...
[collector-normal] processing message...
[10:54:53.526][logger] {temperature=18.6, unit=°C, timestamp=1779760493526, sensorId=temperature-sensor}
[file-writer] processing message...
[temperature-sensor] processing message...
[threshold-filter] processing message...
[alerter] processing message...
[경고] 센서 temperature-sensor 온도 44.9°C — 임계값 초과!
[collector-alert] processing message...
[temperature-sensor] processing message...
[threshold-filter] processing message...
[logger] processing message...
[collector-normal] processing message...
[10:54:53.727][logger] {temperature=21.2, unit=°C, timestamp=1779760493727, sensorId=temperature-sensor}
[file-writer] processing message...
[temperature-sensor] processing message...
[threshold-filter] processing message...
[logger] processing message...
[collector-normal] processing message...
[10:54:53.828][logger] {temperature=24.6, unit=°C, timestamp=1779760493828, sensorId=temperature-sensor}
[file-writer] processing message...
[temperature-sensor] processing message...
[threshold-filter] processing message...
[alerter] processing message...
[경고] 센서 temperature-sensor 온도 39.1°C — 임계값 초과!
[collector-alert] processing message...
[Engine] 엔진 종료됨
]]></system-out>
  </testcase>
  <testcase name="test4" classname="com.fbp.engine.integration.FinalIntegrationTest" time="1.007">
    <system-out><![CDATA[[Engine] 플로우 'final-test-flow' 등록됨
[temperature-sensor] processing message...
[threshold-filter] processing message...
[collector-alert] processing message...
[alerter] processing message...
[경고] 센서 temperature-sensor 온도 39.7°C — 임계값 초과!
[Engine] 플로우 'final-test-flow' 시작됨
[temperature-sensor] processing message...
[threshold-filter] processing message...
[alerter] processing message...
[collector-alert] processing message...
[경고] 센서 temperature-sensor 온도 38.3°C — 임계값 초과!
[temperature-sensor] processing message...
[threshold-filter] processing message...
[logger] processing message...
[collector-normal] processing message...
[10:54:54.233][logger] {temperature=16.5, unit=°C, timestamp=1779760494233, sensorId=temperature-sensor}
[file-writer] processing message...
[temperature-sensor] processing message...
[threshold-filter] processing message...
[logger] processing message...
[collector-normal] processing message...
[10:54:54.331][logger] {temperature=26.6, unit=°C, timestamp=1779760494331, sensorId=temperature-sensor}
[file-writer] processing message...
[temperature-sensor] processing message...
[threshold-filter] processing message...
[alerter] processing message...
[경고] 센서 temperature-sensor 온도 35.8°C — 임계값 초과!
[collector-alert] processing message...
[temperature-sensor] processing message...
[threshold-filter] processing message...
[logger] processing message...
[collector-normal] processing message...
[10:54:54.533][logger] {temperature=28.9, unit=°C, timestamp=1779760494533, sensorId=temperature-sensor}
[file-writer] processing message...
[temperature-sensor] processing message...
[threshold-filter] processing message...
[logger] processing message...
[collector-normal] processing message...
[10:54:54.633][logger] {temperature=28.6, unit=°C, timestamp=1779760494633, sensorId=temperature-sensor}
[file-writer] processing message...
[temperature-sensor] processing message...
[threshold-filter] processing message...
[alerter] processing message...
[경고] 센서 temperature-sensor 온도 38.5°C — 임계값 초과!
[collector-alert] processing message...
[temperature-sensor] processing message...
[threshold-filter] processing message...
[logger] processing message...
[collector-normal] processing message...
[10:54:54.833][logger] {temperature=26.9, unit=°C, timestamp=1779760494833, sensorId=temperature-sensor}
[file-writer] processing message...
[temperature-sensor] processing message...
[threshold-filter] processing message...
[alerter] processing message...
[경고] 센서 temperature-sensor 온도 37.1°C — 임계값 초과!
[collector-alert] processing message...
[temperature-sensor] processing message...
[threshold-filter] processing message...
[logger] processing message...
[collector-normal] processing message...
[10:54:55.033][logger] {temperature=28.1, unit=°C, timestamp=1779760495033, sensorId=temperature-sensor}
[file-writer] processing message...
[Engine] 엔진 종료됨
]]></system-out>
  </testcase>
  <testcase name="test5" classname="com.fbp.engine.integration.FinalIntegrationTest" time="1.011">
    <system-out><![CDATA[[Engine] 플로우 'final-test-flow' 등록됨
[temperature-sensor] processing message...
[threshold-filter] processing message...
[alerter] processing message...
[경고] 센서 temperature-sensor 온도 30.3°C — 임계값 초과!
[collector-alert] processing message...
[Engine] 플로우 'final-test-flow' 시작됨
[temperature-sensor] processing message...
[threshold-filter] processing message...
[alerter] processing message...
[경고] 센서 temperature-sensor 온도 39.2°C — 임계값 초과!
[collector-alert] processing message...
[temperature-sensor] processing message...
[threshold-filter] processing message...
[alerter] processing message...
[collector-alert] processing message...
[경고] 센서 temperature-sensor 온도 41.5°C — 임계값 초과!
[temperature-sensor] processing message...
[threshold-filter] processing message...
[logger] processing message...
[collector-normal] processing message...
[10:54:55.340][logger] {temperature=28.1, unit=°C, timestamp=1779760495340, sensorId=temperature-sensor}
[file-writer] processing message...
[temperature-sensor] processing message...
[threshold-filter] processing message...
[alerter] processing message...
[경고] 센서 temperature-sensor 온도 37.7°C — 임계값 초과!
[collector-alert] processing message...
[temperature-sensor] processing message...
[threshold-filter] processing message...
[logger] processing message...
[collector-normal] processing message...
[10:54:55.539][logger] {temperature=17.2, unit=°C, timestamp=1779760495539, sensorId=temperature-sensor}
[file-writer] processing message...
[temperature-sensor] processing message...
[threshold-filter] processing message...
[alerter] processing message...
[경고] 센서 temperature-sensor 온도 40.6°C — 임계값 초과!
[collector-alert] processing message...
[temperature-sensor] processing message...
[threshold-filter] processing message...
[alerter] processing message...
[경고] 센서 temperature-sensor 온도 30.7°C — 임계값 초과!
[collector-alert] processing message...
[temperature-sensor] processing message...
[threshold-filter] processing message...
[alerter] processing message...
[경고] 센서 temperature-sensor 온도 33.8°C — 임계값 초과!
[collector-alert] processing message...
[temperature-sensor] processing message...
[threshold-filter] processing message...
[logger] processing message...
[collector-normal] processing message...
[10:54:55.937][logger] {temperature=28.2, unit=°C, timestamp=1779760495937, sensorId=temperature-sensor}
[file-writer] processing message...
[temperature-sensor] processing message...
[threshold-filter] processing message...
[alerter] processing message...
[경고] 센서 temperature-sensor 온도 30.8°C — 임계값 초과!
[collector-alert] processing message...
[Engine] 엔진 종료됨
]]></system-out>
  </testcase>
  <testcase name="test6" classname="com.fbp.engine.integration.FinalIntegrationTest" time="1.007">
    <system-out><![CDATA[[Engine] 플로우 'final-test-flow' 등록됨
[temperature-sensor] processing message...
[threshold-filter] processing message...
[alerter] processing message...
[경고] 센서 temperature-sensor 온도 30.8°C — 임계값 초과!
[collector-alert] processing message...
[Engine] 플로우 'final-test-flow' 시작됨
[temperature-sensor] processing message...
[threshold-filter] processing message...
[alerter] processing message...
[경고] 센서 temperature-sensor 온도 42.7°C — 임계값 초과!
[collector-alert] processing message...
[temperature-sensor] processing message...
[threshold-filter] processing message...
[alerter] processing message...
[경고] 센서 temperature-sensor 온도 42.7°C — 임계값 초과!
[collector-alert] processing message...
[temperature-sensor] processing message...
[threshold-filter] processing message...
[logger] processing message...
[collector-normal] processing message...
[10:54:56.353][logger] {temperature=26.1, unit=°C, timestamp=1779760496352, sensorId=temperature-sensor}
[file-writer] processing message...
[temperature-sensor] processing message...
[threshold-filter] processing message...
[logger] processing message...
[collector-normal] processing message...
[10:54:56.451][logger] {temperature=27.5, unit=°C, timestamp=1779760496451, sensorId=temperature-sensor}
[file-writer] processing message...
[temperature-sensor] processing message...
[threshold-filter] processing message...
[alerter] processing message...
[경고] 센서 temperature-sensor 온도 30.9°C — 임계값 초과!
[collector-alert] processing message...
[temperature-sensor] processing message...
[threshold-filter] processing message...
[logger] processing message...
[collector-normal] processing message...
[10:54:56.647][logger] {temperature=29.5, unit=°C, timestamp=1779760496647, sensorId=temperature-sensor}
[file-writer] processing message...
[temperature-sensor] processing message...
[threshold-filter] processing message...
[logger] processing message...
[collector-normal] processing message...
[10:54:56.751][logger] {temperature=27.8, unit=°C, timestamp=1779760496751, sensorId=temperature-sensor}
[file-writer] processing message...
[temperature-sensor] processing message...
[threshold-filter] processing message...
[logger] processing message...
[collector-normal] processing message...
[10:54:56.851][logger] {temperature=28.1, unit=°C, timestamp=1779760496851, sensorId=temperature-sensor}
[file-writer] processing message...
[temperature-sensor] processing message...
[threshold-filter] processing message...
[collector-alert] processing message...
[alerter] processing message...
[경고] 센서 temperature-sensor 온도 43.4°C — 임계값 초과!
[temperature-sensor] processing message...
[threshold-filter] processing message...
[logger] processing message...
[collector-normal] processing message...
[10:54:57.047][logger] {temperature=28.3, unit=°C, timestamp=1779760497047, sensorId=temperature-sensor}
[file-writer] processing message...
[Engine] 엔진 종료됨
]]></system-out>
  </testcase>
  <testcase name="test7" classname="com.fbp.engine.integration.FinalIntegrationTest" time="1.006">
    <system-out><![CDATA[[Engine] 플로우 'final-test-flow' 등록됨
[temperature-sensor] processing message...
[threshold-filter] processing message...
[alerter] processing message...
[경고] 센서 temperature-sensor 온도 31.5°C — 임계값 초과!
[collector-alert] processing message...
[Engine] 플로우 'final-test-flow' 시작됨
[temperature-sensor] processing message...
[threshold-filter] processing message...
[collector-alert] processing message...
[alerter] processing message...
[경고] 센서 temperature-sensor 온도 37.0°C — 임계값 초과!
[temperature-sensor] processing message...
[threshold-filter] processing message...
[logger] processing message...
[collector-normal] processing message...
[10:54:57.256][logger] {temperature=24.5, unit=°C, timestamp=1779760497256, sensorId=temperature-sensor}
[file-writer] processing message...
[temperature-sensor] processing message...
[threshold-filter] processing message...
[alerter] processing message...
[collector-alert] processing message...
[경고] 센서 temperature-sensor 온도 41.8°C — 임계값 초과!
[temperature-sensor] processing message...
[threshold-filter] processing message...
[alerter] processing message...
[경고] 센서 temperature-sensor 온도 42.8°C — 임계값 초과!
[collector-alert] processing message...
[temperature-sensor] processing message...
[threshold-filter] processing message...
[logger] processing message...
[collector-normal] processing message...
[10:54:57.559][logger] {temperature=16.9, unit=°C, timestamp=1779760497559, sensorId=temperature-sensor}
[file-writer] processing message...
[temperature-sensor] processing message...
[threshold-filter] processing message...
[alerter] processing message...
[collector-alert] processing message...
[경고] 센서 temperature-sensor 온도 40.7°C — 임계값 초과!
[temperature-sensor] processing message...
[threshold-filter] processing message...
[logger] processing message...
[collector-normal] processing message...
[10:54:57.758][logger] {temperature=28.8, unit=°C, timestamp=1779760497758, sensorId=temperature-sensor}
[file-writer] processing message...
[temperature-sensor] processing message...
[threshold-filter] processing message...
[alerter] processing message...
[경고] 센서 temperature-sensor 온도 40.7°C — 임계값 초과!
[collector-alert] processing message...
[temperature-sensor] processing message...
[threshold-filter] processing message...
[logger] processing message...
[collector-normal] processing message...
[10:54:57.956][logger] {temperature=17.8, unit=°C, timestamp=1779760497956, sensorId=temperature-sensor}
[file-writer] processing message...
[Engine] 엔진 종료됨
[temperature-sensor] processing message...
]]></system-out>
  </testcase>
</testsuite>