<?xml version="1.0" encoding="UTF-8"?>
<testsuite xmlns:xsi="http://www.w3.org/2001/XMLSchema-instance" xsi:noNamespaceSchemaLocation="https://maven.apache.org/surefire/maven-surefire-plugin/xsd/surefire-test-report-3.0.xsd" version="3.0" name="com.fbp.engine.integration.FinalIntegrationTest" time="7.049" tests="7" errors="0" skipped="0" failures="0">
  <properties>
[...]
</properties>
  <testcase name="test1" classname="com.fbp.engine.integration.FinalIntegrationTest" time="1.008">
    <system-out><![CDATA[[Engine] 플로우 'final-test-flow' 등록됨
[temperature-sensor] processing message...
[threshold-filter] processing message...
[logger] processing message...
[Engine] 플로우 'final-test-flow' 시작됨
[collector-normal] processing message...
[18:34:31.954][logger] {temperature=25.0, unit=°C, sensorId=temperature-sensor, timestamp=1779874471954}
[file-writer] processing message...
[temperature-sensor] processing message...
[threshold-filter] processing message...
[logger] processing message...
[collector-normal] processing message...
[18:34:32.058][logger] {temperature=28.3, unit=°C, sensorId=temperature-sensor, timestamp=1779874472058}
[file-writer] processing message...
[temperature-sensor] processing message...
[threshold-filter] processing message...
[logger] processing message...
[collector-normal] processing message...
[18:34:32.158][logger] {temperature=17.8, unit=°C, sensorId=temperature-sensor, timestamp=1779874472158}
[file-writer] processing message...
[temperature-sensor] processing message...
[threshold-filter] processing message...
[alerter] processing message...
[collector-alert] processing message...
[경고] 센서 temperature-sensor 온도 37.0°C — 임계값 초과!
[temperature-sensor] processing message...
[threshold-filter] processing message...
[logger] processing message...
[collector-normal] processing message...
[18:34:32.359][logger] {temperature=28.9, unit=°C, sensorId=temperature-sensor, timestamp=1779874472358}
[file-writer] processing message...
[temperature-sensor] processing message...
[threshold-filter] processing message...
[alerter] processing message...
[경고] 센서 temperature-sensor 온도 33.6°C — 임계값 초과!
[collector-alert] processing message...
[temperature-sensor] processing message...
[threshold-filter] processing message...
[alerter] processing message...
[경고] 센서 temperature-sensor 온도 31.5°C — 임계값 초과!
[collector-alert] processing message...
[temperature-sensor] processing message...
[threshold-filter] processing message...
[logger] processing message...
[collector-normal] processing message...
[18:34:32.659][logger] {temperature=19.1, unit=°C, sensorId=temperature-sensor, timestamp=1779874472658}
[file-writer] processing message...
[temperature-sensor] processing message...
[threshold-filter] processing message...
[alerter] processing message...
[경고] 센서 temperature-sensor 온도 42.5°C — 임계값 초과!
[collector-alert] processing message...
[temperature-sensor] processing message...
[threshold-filter] processing message...
[alerter] processing message...
[경고] 센서 temperature-sensor 온도 35.6°C — 임계값 초과!
[collector-alert] processing message...
[temperature-sensor] processing message...
[threshold-filter] processing message...
[logger] processing message...
[collector-normal] processing message...
[18:34:32.954][logger] {temperature=17.7, unit=°C, sensorId=temperature-sensor, timestamp=1779874472954}
[file-writer] processing message...
[Engine] 엔진 종료됨
]]></system-out>
  </testcase>
  <testcase name="test2" classname="com.fbp.engine.integration.FinalIntegrationTest" time="1.006">
    <system-out><![CDATA[[Engine] 플로우 'final-test-flow' 등록됨
[temperature-sensor] processing message...
[threshold-filter] processing message...
[logger] processing message...
[18:34:32.962][logger] {temperature=25.0, unit=°C, sensorId=temperature-sensor, timestamp=1779874472962}
[Engine] 플로우 'final-test-flow' 시작됨
[collector-normal] processing message...
[file-writer] processing message...
[temperature-sensor] processing message...
[threshold-filter] processing message...
[logger] processing message...
[collector-normal] processing message...
[18:34:33.067][logger] {temperature=21.6, unit=°C, sensorId=temperature-sensor, timestamp=1779874473067}
[file-writer] processing message...
[temperature-sensor] processing message...
[threshold-filter] processing message...
[alerter] processing message...
[경고] 센서 temperature-sensor 온도 40.8°C — 임계값 초과!
[collector-alert] processing message...
[temperature-sensor] processing message...
[threshold-filter] processing message...
[alerter] processing message...
[경고] 센서 temperature-sensor 온도 35.6°C — 임계값 초과!
[collector-alert] processing message...
[temperature-sensor] processing message...
[threshold-filter] processing message...
[alerter] processing message...
[collector-alert] processing message...
[경고] 센서 temperature-sensor 온도 42.6°C — 임계값 초과!
[temperature-sensor] processing message...
[threshold-filter] processing message...
[alerter] processing message...
[경고] 센서 temperature-sensor 온도 44.5°C — 임계값 초과!
[collector-alert] processing message...
[temperature-sensor] processing message...
[threshold-filter] processing message...
[logger] processing message...
[collector-normal] processing message...
[18:34:33.564][logger] {temperature=15.5, unit=°C, sensorId=temperature-sensor, timestamp=1779874473563}
[file-writer] processing message...
[temperature-sensor] processing message...
[threshold-filter] processing message...
[alerter] processing message...
[경고] 센서 temperature-sensor 온도 32.7°C — 임계값 초과!
[collector-alert] processing message...
[temperature-sensor] processing message...
[threshold-filter] processing message...
[logger] processing message...
[collector-normal] processing message...
[18:34:33.763][logger] {temperature=25.3, unit=°C, sensorId=temperature-sensor, timestamp=1779874473763}
[file-writer] processing message...
[temperature-sensor] processing message...
[threshold-filter] processing message...
[logger] processing message...
[collector-normal] processing message...
[18:34:33.867][logger] {temperature=15.3, unit=°C, sensorId=temperature-sensor, timestamp=1779874473867}
[file-writer] processing message...
[temperature-sensor] processing message...
[threshold-filter] processing message...
[alerter] processing message...
[경고] 센서 temperature-sensor 온도 37.2°C — 임계값 초과!
[collector-alert] processing message...
[Engine] 엔진 종료됨
]]></system-out>
  </testcase>
  <testcase name="test3" classname="com.fbp.engine.integration.FinalIntegrationTest" time="1.008">
    <system-out><![CDATA[[Engine] 플로우 'final-test-flow' 등록됨
[temperature-sensor] processing message...
[threshold-filter] processing message...
[alerter] processing message...
[경고] 센서 temperature-sensor 온도 30.4°C — 임계값 초과!
[collector-alert] processing message...
[Engine] 플로우 'final-test-flow' 시작됨
[temperature-sensor] processing message...
[threshold-filter] processing message...
[logger] processing message...
[collector-normal] processing message...
[18:34:34.074][logger] {temperature=27.2, unit=°C, sensorId=temperature-sensor, timestamp=1779874474074}
[file-writer] processing message...
[temperature-sensor] processing message...
[threshold-filter] processing message...
[logger] processing message...
[collector-normal] processing message...
[18:34:34.171][logger] {temperature=29.8, unit=°C, sensorId=temperature-sensor, timestamp=1779874474170}
[file-writer] processing message...
[temperature-sensor] processing message...
[threshold-filter] processing message...
[logger] processing message...
[collector-normal] processing message...
[18:34:34.270][logger] {temperature=29.7, unit=°C, sensorId=temperature-sensor, timestamp=1779874474270}
[file-writer] processing message...
[temperature-sensor] processing message...
[threshold-filter] processing message...
[alerter] processing message...
[collector-alert] processing message...
[경고] 센서 temperature-sensor 온도 36.2°C — 임계값 초과!
[temperature-sensor] processing message...
[threshold-filter] processing message...
[collector-normal] processing message...
[logger] processing message...
[18:34:34.470][logger] {temperature=18.3, unit=°C, sensorId=temperature-sensor, timestamp=1779874474470}
[file-writer] processing message...
[temperature-sensor] processing message...
[threshold-filter] processing message...
[logger] processing message...
[collector-normal] processing message...
[18:34:34.570][logger] {temperature=21.6, unit=°C, sensorId=temperature-sensor, timestamp=1779874474570}
[file-writer] processing message...
[temperature-sensor] processing message...
[threshold-filter] processing message...
[alerter] processing message...
[collector-alert] processing message...
[경고] 센서 temperature-sensor 온도 35.0°C — 임계값 초과!
[temperature-sensor] processing message...
[threshold-filter] processing message...
[logger] processing message...
[collector-normal] processing message...
[18:34:34.774][logger] {temperature=22.1, unit=°C, sensorId=temperature-sensor, timestamp=1779874474774}
[file-writer] processing message...
[temperature-sensor] processing message...
[threshold-filter] processing message...
[alerter] processing message...
[경고] 센서 temperature-sensor 온도 41.7°C — 임계값 초과!
[collector-alert] processing message...
[temperature-sensor] processing message...
[threshold-filter] processing message...
[logger] processing message...
[collector-normal] processing message...
[18:34:34.972][logger] {temperature=16.6, unit=°C, sensorId=temperature-sensor, timestamp=1779874474971}
[file-writer] processing message...
[Engine] 엔진 종료됨
]]></system-out>
  </testcase>
  <testcase name="test4" classname="com.fbp.engine.integration.FinalIntegrationTest" time="1.003">
    <system-out><![CDATA[[Engine] 플로우 'final-test-flow' 등록됨
[temperature-sensor] processing message...
[threshold-filter] processing message...
[alerter] processing message...
[collector-alert] processing message...
[경고] 센서 temperature-sensor 온도 37.7°C — 임계값 초과!
[Engine] 플로우 'final-test-flow' 시작됨
[temperature-sensor] processing message...
[threshold-filter] processing message...
[logger] processing message...
[collector-normal] processing message...
[18:34:35.079][logger] {temperature=20.3, unit=°C, sensorId=temperature-sensor, timestamp=1779874475079}
[file-writer] processing message...
[temperature-sensor] processing message...
[threshold-filter] processing message...
[alerter] processing message...
[collector-alert] processing message...
[경고] 센서 temperature-sensor 온도 30.4°C — 임계값 초과!
[temperature-sensor] processing message...
[threshold-filter] processing message...
[logger] processing message...
[collector-normal] processing message...
[18:34:35.279][logger] {temperature=27.2, unit=°C, sensorId=temperature-sensor, timestamp=1779874475278}
[file-writer] processing message...
[temperature-sensor] processing message...
[threshold-filter] processing message...
[collector-alert] processing message...
[alerter] processing message...
[경고] 센서 temperature-sensor 온도 39.5°C — 임계값 초과!
[temperature-sensor] processing message...
[threshold-filter] processing message...
[logger] processing message...
[collector-normal] processing message...
[18:34:35.481][logger] {temperature=27.4, unit=°C, sensorId=temperature-sensor, timestamp=1779874475481}
[file-writer] processing message...
[temperature-sensor] processing message...
[threshold-filter] processing message...
[alerter] processing message...
[collector-alert] processing message...
[경고] 센서 temperature-sensor 온도 44.5°C — 임계값 초과!
[temperature-sensor] processing message...
[threshold-filter] processing message...
[logger] processing message...
[collector-normal] processing message...
[18:34:35.681][logger] {temperature=27.0, unit=°C, sensorId=temperature-sensor, timestamp=1779874475681}
[file-writer] processing message...
[temperature-sensor] processing message...
[threshold-filter] processing message...
[logger] processing message...
[collector-normal] processing message...
[18:34:35.781][logger] {temperature=18.0, unit=°C, sensorId=temperature-sensor, timestamp=1779874475781}
[file-writer] processing message...
[temperature-sensor] processing message...
[threshold-filter] processing message...
[alerter] processing message...
[collector-alert] processing message...
[경고] 센서 temperature-sensor 온도 33.0°C — 임계값 초과!
[temperature-sensor] processing message...
[threshold-filter] processing message...
[logger] processing message...
[collector-normal] processing message...
[18:34:35.977][logger] {temperature=17.9, unit=°C, sensorId=temperature-sensor, timestamp=1779874475977}
[file-writer] processing message...
[Engine] 엔진 종료됨
]]></system-out>
  </testcase>
  <testcase name="test5" classname="com.fbp.engine.integration.FinalIntegrationTest" time="1.009">
    <system-out><![CDATA[[Engine] 플로우 'final-test-flow' 등록됨
[temperature-sensor] processing message...
[threshold-filter] processing message...
[logger] processing message...
[Engine] 플로우 'final-test-flow' 시작됨
[18:34:35.981][logger] {temperature=24.1, unit=°C, sensorId=temperature-sensor, timestamp=1779874475981}
[collector-normal] processing message...
[file-writer] processing message...
[temperature-sensor] processing message...
[threshold-filter] processing message...
[alerter] processing message...
[경고] 센서 temperature-sensor 온도 35.9°C — 임계값 초과!
[collector-alert] processing message...
[temperature-sensor] processing message...
[threshold-filter] processing message...
[logger] processing message...
[collector-normal] processing message...
[18:34:36.186][logger] {temperature=29.0, unit=°C, sensorId=temperature-sensor, timestamp=1779874476186}
[file-writer] processing message...
[temperature-sensor] processing message...
[threshold-filter] processing message...
[logger] processing message...
[collector-normal] processing message...
[18:34:36.282][logger] {temperature=27.0, unit=°C, sensorId=temperature-sensor, timestamp=1779874476282}
[file-writer] processing message...
[temperature-sensor] processing message...
[threshold-filter] processing message...
[logger] processing message...
[collector-normal] processing message...
[18:34:36.386][logger] {temperature=29.4, unit=°C, sensorId=temperature-sensor, timestamp=1779874476386}
[file-writer] processing message...
[temperature-sensor] processing message...
[threshold-filter] processing message...
[collector-alert] processing message...
[alerter] processing message...
[경고] 센서 temperature-sensor 온도 36.5°C — 임계값 초과!
[temperature-sensor] processing message...
[threshold-filter] processing message...
[logger] processing message...
[collector-normal] processing message...
[18:34:36.583][logger] {temperature=17.9, unit=°C, sensorId=temperature-sensor, timestamp=1779874476583}
[file-writer] processing message...
[temperature-sensor] processing message...
[threshold-filter] processing message...
[collector-alert] processing message...
[alerter] processing message...
[경고] 센서 temperature-sensor 온도 36.6°C — 임계값 초과!
[temperature-sensor] processing message...
[threshold-filter] processing message...
[alerter] processing message...
[경고] 센서 temperature-sensor 온도 30.6°C — 임계값 초과!
[collector-alert] processing message...
[temperature-sensor] processing message...
[threshold-filter] processing message...
[alerter] processing message...
[경고] 센서 temperature-sensor 온도 34.5°C — 임계값 초과!
[collector-alert] processing message...
[Engine] 엔진 종료됨
]]></system-out>
  </testcase>
  <testcase name="test6" classname="com.fbp.engine.integration.FinalIntegrationTest" time="1.004">
    <system-out><![CDATA[[Engine] 플로우 'final-test-flow' 등록됨
[temperature-sensor] processing message...
[threshold-filter] processing message...
[alerter] processing message...
[경고] 센서 temperature-sensor 온도 42.7°C — 임계값 초과!
[collector-alert] processing message...
[Engine] 플로우 'final-test-flow' 시작됨
[temperature-sensor] processing message...
[threshold-filter] processing message...
[alerter] processing message...
[경고] 센서 temperature-sensor 온도 30.2°C — 임계값 초과!
[collector-alert] processing message...
[temperature-sensor] processing message...
[threshold-filter] processing message...
[collector-normal] processing message...
[logger] processing message...
[18:34:37.192][logger] {temperature=26.0, unit=°C, sensorId=temperature-sensor, timestamp=1779874477191}
[file-writer] processing message...
[temperature-sensor] processing message...
[threshold-filter] processing message...
[logger] processing message...
[collector-normal] processing message...
[18:34:37.295][logger] {temperature=22.2, unit=°C, sensorId=temperature-sensor, timestamp=1779874477295}
[file-writer] processing message...
[temperature-sensor] processing message...
[threshold-filter] processing message...
[logger] processing message...
[collector-normal] processing message...
[18:34:37.395][logger] {temperature=20.8, unit=°C, sensorId=temperature-sensor, timestamp=1779874477395}
[file-writer] processing message...
[temperature-sensor] processing message...
[threshold-filter] processing message...
[collector-alert] processing message...
[alerter] processing message...
[경고] 센서 temperature-sensor 온도 39.0°C — 임계값 초과!
[temperature-sensor] processing message...
[threshold-filter] processing message...
[logger] processing message...
[collector-normal] processing message...
[18:34:37.592][logger] {temperature=25.4, unit=°C, sensorId=temperature-sensor, timestamp=1779874477592}
[file-writer] processing message...
[temperature-sensor] processing message...
[threshold-filter] processing message...
[logger] processing message...
[18:34:37.695][logger] {temperature=27.9, unit=°C, sensorId=temperature-sensor, timestamp=1779874477695}
[collector-normal] processing message...
[file-writer] processing message...
[temperature-sensor] processing message...
[threshold-filter] processing message...
[logger] processing message...
[collector-normal] processing message...
[18:34:37.795][logger] {temperature=28.4, unit=°C, sensorId=temperature-sensor, timestamp=1779874477795}
[file-writer] processing message...
[temperature-sensor] processing message...
[threshold-filter] processing message...
[alerter] processing message...
[collector-alert] processing message...
[경고] 센서 temperature-sensor 온도 38.4°C — 임계값 초과!
[Engine] 엔진 종료됨
]]></system-out>
  </testcase>
  <testcase name="test7" classname="com.fbp.engine.integration.FinalIntegrationTest" time="1.007">
    <system-out><![CDATA[[Engine] 플로우 'final-test-flow' 등록됨
[temperature-sensor] processing message...
[threshold-filter] processing message...
[alerter] processing message...
[경고] 센서 temperature-sensor 온도 33.7°C — 임계값 초과!
[collector-alert] processing message...
[Engine] 플로우 'final-test-flow' 시작됨
[temperature-sensor] processing message...
[threshold-filter] processing message...
[alerter] processing message...
[경고] 센서 temperature-sensor 온도 35.0°C — 임계값 초과!
[collector-alert] processing message...
[temperature-sensor] processing message...
[threshold-filter] processing message...
[logger] processing message...
[collector-normal] processing message...
[18:34:38.200][logger] {temperature=15.1, unit=°C, sensorId=temperature-sensor, timestamp=1779874478200}
[file-writer] processing message...
[temperature-sensor] processing message...
[threshold-filter] processing message...
[logger] processing message...
[collector-normal] processing message...
[18:34:38.296][logger] {temperature=25.1, unit=°C, sensorId=temperature-sensor, timestamp=1779874478296}
[file-writer] processing message...
[temperature-sensor] processing message...
[threshold-filter] processing message...
[logger] processing message...
[collector-normal] processing message...
[18:34:38.400][logger] {temperature=24.9, unit=°C, sensorId=temperature-sensor, timestamp=1779874478400}
[file-writer] processing message...
[temperature-sensor] processing message...
[threshold-filter] processing message...
[logger] processing message...
[collector-normal] processing message...
[18:34:38.500][logger] {temperature=18.2, unit=°C, sensorId=temperature-sensor, timestamp=1779874478500}
[file-writer] processing message...
[temperature-sensor] processing message...
[threshold-filter] processing message...
[collector-alert] processing message...
[alerter] processing message...
[경고] 센서 temperature-sensor 온도 39.2°C — 임계값 초과!
[temperature-sensor] processing message...
[threshold-filter] processing message...
[alerter] processing message...
[collector-alert] processing message...
[경고] 센서 temperature-sensor 온도 31.3°C — 임계값 초과!
[temperature-sensor] processing message...
[threshold-filter] processing message...
[collector-alert] processing message...
[alerter] processing message...
[경고] 센서 temperature-sensor 온도 38.9°C — 임계값 초과!
[temperature-sensor] processing message...
[threshold-filter] processing message...
[collector-normal] processing message...
[logger] processing message...
[18:34:38.900][logger] {temperature=19.0, unit=°C, sensorId=temperature-sensor, timestamp=1779874478900}
[file-writer] processing message...
[temperature-sensor] processing message...
[threshold-filter] processing message...
[collector-normal] processing message...
[logger] processing message...
[18:34:38.995][logger] {temperature=18.4, unit=°C, sensorId=temperature-sensor, timestamp=1779874478995}
[file-writer] processing message...
[Engine] 엔진 종료됨
]]></system-out>
  </testcase>
</testsuite>